{"message":"Api Key: 168eab48-5c37-4521-9d64-d60e40f82d28 was given to a user ","level":"info"}
{"message":"Api Key: 319096e7-4185-4bc9-973a-d2b976aa8077 was given to a user ","level":"info"}
{"message":"Api Key: 55e42a49-d8c4-41aa-b796-614eb686d57e was given to a user ","level":"info"}
{"message":"Api Key: d6770a40-3e67-4138-9d04-d154db079b99 was given to a user ","level":"info"}
{"message":"Api Key: 850150b0-643b-47d2-881a-55d25e3aa56b was given to a user ","level":"info"}
{"message":"Api Key: a7b9b463-4fd5-4a5f-aaef-617735ef3425 was given to a user ","level":"info"}
{"message":"Api Key: 947f3310-c689-44c8-a384-01e636a453cf was given to a user ","level":"info"}
{"message":"Api Key: 99f19aa6-71e5-4ba0-9e54-1b9f1d82cc10 was given to a user ","level":"info"}
{"message":"Api Key: 2e4b50f1-4bc2-412e-ba25-4845c1a5cd45 was given to a user ","level":"info"}
{"message":"Api Key: 484e3459-00ee-4664-8474-d7c55b5eea89 was given to a user ","level":"info"}
{"message":"Api Key: 0a81ad28-cfef-4fb4-b443-8387e62c013c was given to a user ","level":"info"}
{"message":"Api Key: b70b3c16-f67b-45db-b7f0-e41a14074691 was given to a user ","level":"info"}
{"message":"Api Key: 1f52b1c1-885a-4ae4-a902-739e7dd6ee90 was given to a user ","level":"info"}
{"message":"Api Key: 2927eee6-d3fc-4a60-ae22-6cc8234afea7 was given to a user ","level":"info"}
{"message":"Api Key: 01a2ef5a-a6fe-4644-8924-6dc2d7c997a5 was given to a user ","level":"info"}
{"message":"Api Key: 705c1ba7-ccaa-4fcf-8c26-fd8210229425 was given to a user ","level":"info"}
{"message":"Api Key: 990bfd57-8fad-4453-a1e6-deae1cd04a6a was given to a user ","level":"info"}
{"message":"Api Key: 6c104ace-b262-4cda-900f-595174f8d64c was given to a user ","level":"info"}
{"message":"Api Key: c1a572eb-9eaa-40d3-896f-cf03dd1c4074 was given to a user ","level":"info"}
{"message":"Api Key: a970cbce-33e3-4752-aa15-fd42b3183978 was given to a user ","level":"info"}
{"message":"Api Key: ba6b7b9d-5217-48e5-b078-9ba2d456fd90 was given to a user ","level":"info"}
{"message":"Api Key: b37afb2b-2f73-4093-87b9-762b6e8e665c was given to a user ","level":"info"}
{"message":"Api Key: f72cf611-0ef2-46b8-8b83-c4e6e948dbe4 was given to a user ","level":"info"}
{"message":"Api Key: 61db57c2-87a2-4018-bd78-1cd2a708243b was given to a user ","level":"info"}
{"message":"Api Key: 8d848313-b547-4b29-80cb-86f8101b3f6a was given to a user ","level":"info"}
{"message":"Api Key: 29f57021-822b-40be-86b7-104970d70bee was given to a user ","level":"info"}
{"message":"Api Key: 13d23c17-00cf-4395-a8ab-16178aa96f8d was given to a user ","level":"info"}
{"message":"Api Key: 02bf6518-90ed-403c-a6d6-78c3aaed23bc was given to a user ","level":"info"}
{"message":"Api Key: 16a38038-a819-48b3-bedb-fbef75a1be3e was given to a user ","level":"info"}
